{"C:\\backend-curso\\desafios\\011-desafio-modulo-8\\server.js": {"path":"C:\\backend-curso\\desafios\\011-desafio-modulo-8\\server.js","statementMap":{"0":{"start":{"line":3,"column":12},"end":{"line":3,"column":21}},"1":{"start":{"line":4,"column":13},"end":{"line":4,"column":25}},"2":{"start":{"line":6,"column":0},"end":{"line":6,"column":24}},"3":{"start":{"line":7,"column":0},"end":{"line":7,"column":48}},"4":{"start":{"line":9,"column":12},"end":{"line":12,"column":1}},"5":{"start":{"line":15,"column":0},"end":{"line":17,"column":3}},"6":{"start":{"line":16,"column":2},"end":{"line":16,"column":18}},"7":{"start":{"line":20,"column":0},"end":{"line":27,"column":3}},"8":{"start":{"line":21,"column":13},"end":{"line":21,"column":40}},"9":{"start":{"line":22,"column":15},"end":{"line":22,"column":51}},"10":{"start":{"line":22,"column":36},"end":{"line":22,"column":50}},"11":{"start":{"line":23,"column":2},"end":{"line":25,"column":3}},"12":{"start":{"line":24,"column":4},"end":{"line":24,"column":61}},"13":{"start":{"line":26,"column":2},"end":{"line":26,"column":17}},"14":{"start":{"line":33,"column":0},"end":{"line":35,"column":3}},"15":{"start":{"line":34,"column":2},"end":{"line":34,"column":64}}},"fnMap":{"0":{"name":"(anonymous_0)","decl":{"start":{"line":15,"column":18},"end":{"line":15,"column":19}},"loc":{"start":{"line":15,"column":32},"end":{"line":17,"column":1}},"line":15},"1":{"name":"(anonymous_1)","decl":{"start":{"line":20,"column":22},"end":{"line":20,"column":23}},"loc":{"start":{"line":20,"column":36},"end":{"line":27,"column":1}},"line":20},"2":{"name":"(anonymous_2)","decl":{"start":{"line":22,"column":26},"end":{"line":22,"column":27}},"loc":{"start":{"line":22,"column":36},"end":{"line":22,"column":50}},"line":22},"3":{"name":"(anonymous_3)","decl":{"start":{"line":33,"column":17},"end":{"line":33,"column":18}},"loc":{"start":{"line":33,"column":23},"end":{"line":35,"column":1}},"line":33}},"branchMap":{"0":{"loc":{"start":{"line":4,"column":13},"end":{"line":4,"column":25}},"type":"binary-expr","locations":[{"start":{"line":4,"column":13},"end":{"line":4,"column":17}},{"start":{"line":4,"column":21},"end":{"line":4,"column":25}}],"line":4},"1":{"loc":{"start":{"line":23,"column":2},"end":{"line":25,"column":3}},"type":"if","locations":[{"start":{"line":23,"column":2},"end":{"line":25,"column":3}},{"start":{},"end":{}}],"line":23}},"s":{"0":1,"1":1,"2":1,"3":1,"4":1,"5":1,"6":1,"7":1,"8":1,"9":1,"10":1,"11":1,"12":0,"13":1,"14":1,"15":1},"f":{"0":1,"1":1,"2":1,"3":1},"b":{"0":[1,0],"1":[0,1]},"inputSourceMap":null,"_coverageSchema":"1a1c01bbd47fc00a2c39e90264f33305004495a9","hash":"6291b4dbba86d3c04dec98bbbed68a342f2ec876"}
}
